TN:
SF:/home/rafaelquines/projects/meetup-unit-tests/src/index.ts
FNF:0
FNH:0
DA:4,0
DA:6,0
LF:2
LH:0
BRF:0
BRH:0
end_of_record
TN:
SF:/home/rafaelquines/projects/meetup-unit-tests/src/app/calculator.ts
FN:6,(anonymous_1)
FN:10,(anonymous_2)
FN:14,(anonymous_3)
FN:18,(anonymous_4)
FNF:4
FNH:4
FNDA:1,(anonymous_1)
FNDA:1,(anonymous_2)
FNDA:1,(anonymous_3)
FNDA:1,(anonymous_4)
DA:2,1
DA:5,1
DA:7,1
DA:11,1
DA:15,1
DA:19,1
DA:20,0
DA:22,1
LF:8
LH:7
BRDA:19,0,0,0
BRDA:19,0,1,1
BRDA:19,1,0,1
BRDA:19,1,1,1
BRF:4
BRH:3
end_of_record
TN:
SF:/home/rafaelquines/projects/meetup-unit-tests/src/bootstrap/inversify.config.ts
FN:12,(anonymous_0)
FN:22,getApp
FN:26,getLogger
FNF:3
FNH:0
FNDA:0,(anonymous_0)
FNDA:0,getApp
FNDA:0,getLogger
DA:10,0
DA:12,0
DA:13,0
DA:14,0
DA:15,0
DA:18,0
DA:23,0
DA:27,0
LF:8
LH:0
BRF:0
BRH:0
end_of_record
TN:
SF:/home/rafaelquines/projects/meetup-unit-tests/src/interfaces/app/app-runner.interface.ts
FNF:0
FNH:0
LF:0
LH:0
BRF:0
BRH:0
end_of_record
TN:
SF:/home/rafaelquines/projects/meetup-unit-tests/src/interfaces/app/calculator-base.interface.ts
FNF:0
FNH:0
LF:0
LH:0
BRF:0
BRH:0
end_of_record
TN:
SF:/home/rafaelquines/projects/meetup-unit-tests/src/interfaces/lib/generic-logger.interface.ts
FNF:0
FNH:0
LF:0
LH:0
BRF:0
BRH:0
end_of_record
